D:\DEVELOPMENT\PROJECTS\DSM\DSM\RELEASE\LOCALIZATION.OBJ
D:\DEVELOPMENT\PROJECTS\DSM\DSM\RELEASE\SOURCE.OBJ
D:\DEVELOPMENT\PROJECTS\DSM\DSM\RELEASE\VC100.PDB
D:\DEVELOPMENT\PROJECTS\DSM\RELEASE\DZSM.EXE
D:\DEVELOPMENT\PROJECTS\DSM\RELEASE\DAYZ SERVER MANAGER.EXE
D:\DEVELOPMENT\PROJECTS\DSM\DSM\RELEASE\DSM.RES
D:\Development\Projects\DSM\DSM\Release\DSM.vcxprojResolveAssemblyReference.cache
D:\Development\Projects\DSM\DSM\Release\localization.obj
D:\Development\Projects\DSM\DSM\Release\Source.obj
D:\Development\Projects\DSM\DSM\Release\cl.command.1.tlog
D:\Development\Projects\DSM\DSM\Release\CL.read.1.tlog
D:\Development\Projects\DSM\DSM\Release\CL.write.1.tlog
D:\Development\Projects\DSM\DSM\Release\DSM.write.1.tlog
D:\Development\Projects\DSM\DSM\Release\link-cvtres.read.1.tlog
D:\Development\Projects\DSM\DSM\Release\link-cvtres.write.1.tlog
D:\Development\Projects\DSM\DSM\Release\link.command.1.tlog
D:\Development\Projects\DSM\DSM\Release\link.read.1.tlog
D:\Development\Projects\DSM\DSM\Release\link.write.1.tlog
D:\Development\Projects\DSM\DSM\Release\mt.command.1.tlog
D:\Development\Projects\DSM\DSM\Release\mt.read.1.tlog
D:\Development\Projects\DSM\DSM\Release\mt.write.1.tlog
D:\Development\Projects\DSM\DSM\Release\rc.command.1.tlog
D:\Development\Projects\DSM\DSM\Release\rc.read.1.tlog
D:\Development\Projects\DSM\DSM\Release\rc.write.1.tlog
D:\Development\Projects\DSM\DSM\Release\DayZ Server Manager.exe.intermediate.manifest
D:\Development\Projects\DSM\DSM\Release\DZSM.exe.intermediate.manifest
D:\Development\Projects\DSM\DSM\Release\DSM.res
D:\Development\Projects\DSM\DSM\Release\vc100.pdb
D:\Development\Projects\DSM\Release\DayZ Server Manager.exe
