D:\DEVELOPMENT\PROJECTS\DSM\DSM\DEBUG\VC110.PDB
D:\DEVELOPMENT\PROJECTS\DSM\DSM\DEBUG\VC100.PDB
D:\DEVELOPMENT\PROJECTS\DSM\DSM\DEBUG\INIFILE.OBJ
D:\DEVELOPMENT\PROJECTS\DSM\DSM\DEBUG\SOURCE.OBJ
D:\DEVELOPMENT\PROJECTS\DSM\DEBUG\DSM.ILK
D:\DEVELOPMENT\PROJECTS\DSM\DEBUG\DSM.EXE
D:\DEVELOPMENT\PROJECTS\DSM\DSM\DEBUG\DSM.EXE.INTERMEDIATE.MANIFEST
D:\DEVELOPMENT\PROJECTS\DSM\DEBUG\DSM.PDB
D:\DEVELOPMENT\PROJECTS\DSM\DSM\DEBUG\DSM.EXE.EMBED.MANIFEST
D:\DEVELOPMENT\PROJECTS\DSM\DSM\DEBUG\DSM.RES
D:\DEVELOPMENT\PROJECTS\DSM\DSM\DEBUG\DSM.EXE.EMBED.MANIFEST.RES
D:\Development\Projects\DSM\DSM\Debug\DSM.vcxprojResolveAssemblyReference.cache
D:\Development\Projects\DSM\DSM\Debug\IniFile.obj
D:\Development\Projects\DSM\DSM\Debug\cl.command.1.tlog
D:\Development\Projects\DSM\DSM\Debug\CL.read.1.tlog
D:\Development\Projects\DSM\DSM\Debug\CL.write.1.tlog
D:\Development\Projects\DSM\DSM\Debug\DSM.write.1.tlog
D:\Development\Projects\DSM\DSM\Debug\link-cvtres.read.1.tlog
D:\Development\Projects\DSM\DSM\Debug\link-cvtres.write.1.tlog
D:\Development\Projects\DSM\DSM\Debug\link-rc.read.1.tlog
D:\Development\Projects\DSM\DSM\Debug\link-rc.write.1.tlog
D:\Development\Projects\DSM\DSM\Debug\link.11416-cvtres.read.1.tlog
D:\Development\Projects\DSM\DSM\Debug\link.11416-cvtres.write.1.tlog
D:\Development\Projects\DSM\DSM\Debug\link.11416-rc.read.1.tlog
D:\Development\Projects\DSM\DSM\Debug\link.11416-rc.write.1.tlog
D:\Development\Projects\DSM\DSM\Debug\link.11416.read.1.tlog
D:\Development\Projects\DSM\DSM\Debug\link.11416.write.1.tlog
D:\Development\Projects\DSM\DSM\Debug\link.1152-cvtres.read.1.tlog
D:\Development\Projects\DSM\DSM\Debug\link.1152-cvtres.write.1.tlog
D:\Development\Projects\DSM\DSM\Debug\link.1152-rc.read.1.tlog
D:\Development\Projects\DSM\DSM\Debug\link.1152-rc.write.1.tlog
D:\Development\Projects\DSM\DSM\Debug\link.1152.read.1.tlog
D:\Development\Projects\DSM\DSM\Debug\link.1152.write.1.tlog
D:\Development\Projects\DSM\DSM\Debug\link.12128-cvtres.read.1.tlog
D:\Development\Projects\DSM\DSM\Debug\link.12128-cvtres.write.1.tlog
D:\Development\Projects\DSM\DSM\Debug\link.12128-rc.read.1.tlog
D:\Development\Projects\DSM\DSM\Debug\link.12128-rc.write.1.tlog
D:\Development\Projects\DSM\DSM\Debug\link.12128.read.1.tlog
D:\Development\Projects\DSM\DSM\Debug\link.12128.write.1.tlog
D:\Development\Projects\DSM\DSM\Debug\link.19416-cvtres.read.1.tlog
D:\Development\Projects\DSM\DSM\Debug\link.19416-cvtres.write.1.tlog
D:\Development\Projects\DSM\DSM\Debug\link.19416-rc.read.1.tlog
D:\Development\Projects\DSM\DSM\Debug\link.19416-rc.write.1.tlog
D:\Development\Projects\DSM\DSM\Debug\link.19416.read.1.tlog
D:\Development\Projects\DSM\DSM\Debug\link.19416.write.1.tlog
D:\Development\Projects\DSM\DSM\Debug\link.5220-cvtres.read.1.tlog
D:\Development\Projects\DSM\DSM\Debug\link.5220-cvtres.write.1.tlog
D:\Development\Projects\DSM\DSM\Debug\link.5220.read.1.tlog
D:\Development\Projects\DSM\DSM\Debug\link.5220.write.1.tlog
D:\Development\Projects\DSM\DSM\Debug\link.9056-cvtres.read.1.tlog
D:\Development\Projects\DSM\DSM\Debug\link.9056-cvtres.write.1.tlog
D:\Development\Projects\DSM\DSM\Debug\link.9056-rc.read.1.tlog
D:\Development\Projects\DSM\DSM\Debug\link.9056-rc.write.1.tlog
D:\Development\Projects\DSM\DSM\Debug\link.9056.read.1.tlog
D:\Development\Projects\DSM\DSM\Debug\link.9056.write.1.tlog
D:\Development\Projects\DSM\DSM\Debug\link.command.1.tlog
D:\Development\Projects\DSM\DSM\Debug\link.read.1.tlog
D:\Development\Projects\DSM\DSM\Debug\link.write.1.tlog
D:\Development\Projects\DSM\DSM\Debug\mt.command.1.tlog
D:\Development\Projects\DSM\DSM\Debug\mt.read.1.tlog
D:\Development\Projects\DSM\DSM\Debug\mt.write.1.tlog
D:\Development\Projects\DSM\DSM\Debug\rc.command.1.tlog
D:\Development\Projects\DSM\DSM\Debug\rc.read.1.tlog
D:\Development\Projects\DSM\DSM\Debug\rc.write.1.tlog
D:\Development\Projects\DSM\DSM\Debug\DSM.exe.embed.manifest
D:\Development\Projects\DSM\DSM\Debug\DSM.exe.intermediate.manifest
D:\Development\Projects\DSM\DSM\Debug\DSM.exe.embed.manifest.res
D:\Development\Projects\DSM\DSM\Debug\DSM.res
D:\Development\Projects\DSM\DSM\Debug\vc100.idb
D:\Development\Projects\DSM\DSM\Debug\vc110.idb
D:\Development\Projects\DSM\DSM\Debug\vc100.pdb
D:\Development\Projects\DSM\DSM\Debug\vc110.pdb
D:\Development\Projects\DSM\DSM\Debug\DSM_manifest.rc
D:\Development\Projects\DSM\Debug\DSM.pdb
D:\Development\Projects\DSM\Debug\DSM.exe
D:\Development\Projects\DSM\Debug\DSM.ilk
